2019-02-21 10:06:26
<xml><ToUserName><![CDATA[gh_eac685a1ff5c]]></ToUserName>
<FromUserName><![CDATA[oJoCw505tKb-F1dQ2wXxxpTbOej4]]></FromUserName>
<CreateTime>1550714603</CreateTime>
<MsgType><![CDATA[voice]]></MsgType>
<MediaId><![CDATA[0yu7b07hSQNqWWuh24NZXRwtI_XRm0ZLaLdyIocMH9_znsOBEqnEAeVst7qc_LCK]]></MediaId>
<Format><![CDATA[amr]]></Format>
<MsgId>22200894067388470</MsgId>
<Recognition><![CDATA[]]></Recognition>
</xml>

<<<<<<<2019-02-21 10:07:43
<xml><ToUserName><![CDATA[gh_eac685a1ff5c]]></ToUserName>
<FromUserName><![CDATA[oJoCw505tKb-F1dQ2wXxxpTbOej4]]></FromUserName>
<CreateTime>1550714603</CreateTime>
<MsgType><![CDATA[voice]]></MsgType>
<MediaId><![CDATA[0yu7b07hSQNqWWuh24NZXRwtI_XRm0ZLaLdyIocMH9_znsOBEqnEAeVst7qc_LCK]]></MediaId>
<Format><![CDATA[amr]]></Format>
<MsgId>22200894067388470</MsgId>
<Recognition><![CDATA[]]></Recognition>
</xml>

<<<<<<<2019-02-21 10:08:30
<xml><ToUserName><![CDATA[gh_eac685a1ff5c]]></ToUserName>
<FromUserName><![CDATA[oJoCw505tKb-F1dQ2wXxxpTbOej4]]></FromUserName>
<CreateTime>1550714603</CreateTime>
<MsgType><![CDATA[voice]]></MsgType>
<MediaId><![CDATA[0yu7b07hSQNqWWuh24NZXRwtI_XRm0ZLaLdyIocMH9_znsOBEqnEAeVst7qc_LCK]]></MediaId>
<Format><![CDATA[amr]]></Format>
<MsgId>22200894067388470</MsgId>
<Recognition><![CDATA[]]></Recognition>
</xml>

<<<<<<<2019-02-21 10:12:43
<xml><ToUserName><![CDATA[gh_eac685a1ff5c]]></ToUserName>
<FromUserName><![CDATA[oJoCw505tKb-F1dQ2wXxxpTbOej4]]></FromUserName>
<CreateTime>1550714603</CreateTime>
<MsgType><![CDATA[voice]]></MsgType>
<MediaId><![CDATA[0yu7b07hSQNqWWuh24NZXRwtI_XRm0ZLaLdyIocMH9_znsOBEqnEAeVst7qc_LCK]]></MediaId>
<Format><![CDATA[amr]]></Format>
<MsgId>22200894067388470</MsgId>
<Recognition><![CDATA[]]></Recognition>
</xml>

<<<<<<<2019-02-21 10:13:09
<xml><ToUserName><![CDATA[gh_eac685a1ff5c]]></ToUserName>
<FromUserName><![CDATA[oJoCw505tKb-F1dQ2wXxxpTbOej4]]></FromUserName>
<CreateTime>1550714603</CreateTime>
<MsgType><![CDATA[voice]]></MsgType>
<MediaId><![CDATA[0yu7b07hSQNqWWuh24NZXRwtI_XRm0ZLaLdyIocMH9_znsOBEqnEAeVst7qc_LCK]]></MediaId>
<Format><![CDATA[amr]]></Format>
<MsgId>22200894067388470</MsgId>
<Recognition><![CDATA[]]></Recognition>
</xml>

<<<<<<<2019-02-21 10:13:26
<xml><ToUserName><![CDATA[gh_eac685a1ff5c]]></ToUserName>
<FromUserName><![CDATA[oJoCw505tKb-F1dQ2wXxxpTbOej4]]></FromUserName>
<CreateTime>1550714603</CreateTime>
<MsgType><![CDATA[voice]]></MsgType>
<MediaId><![CDATA[0yu7b07hSQNqWWuh24NZXRwtI_XRm0ZLaLdyIocMH9_znsOBEqnEAeVst7qc_LCK]]></MediaId>
<Format><![CDATA[amr]]></Format>
<MsgId>22200894067388470</MsgId>
<Recognition><![CDATA[]]></Recognition>
</xml>

<<<<<<<2019-02-21 10:13:53
<xml><ToUserName><![CDATA[gh_eac685a1ff5c]]></ToUserName>
<FromUserName><![CDATA[oJoCw505tKb-F1dQ2wXxxpTbOej4]]></FromUserName>
<CreateTime>1550715217</CreateTime>
<MsgType><![CDATA[voice]]></MsgType>
<MediaId><![CDATA[houjaMWg1HQxodnY7C8RgWqcSGkFPu9AudISikPqj1vFvrI4sU-7AmAi7aYkfbAn]]></MediaId>
<Format><![CDATA[amr]]></Format>
<MsgId>22200902562197900</MsgId>
<Recognition><![CDATA[]]></Recognition>
</xml>
<<<<<<<2019-02-21 10:13:59
<xml><ToUserName><![CDATA[gh_eac685a1ff5c]]></ToUserName>
<FromUserName><![CDATA[oJoCw505tKb-F1dQ2wXxxpTbOej4]]></FromUserName>
<CreateTime>1550715217</CreateTime>
<MsgType><![CDATA[voice]]></MsgType>
<MediaId><![CDATA[houjaMWg1HQxodnY7C8RgWqcSGkFPu9AudISikPqj1vFvrI4sU-7AmAi7aYkfbAn]]></MediaId>
<Format><![CDATA[amr]]></Format>
<MsgId>22200902562197900</MsgId>
<Recognition><![CDATA[]]></Recognition>
</xml>
<<<<<<<2019-02-21 10:14:11
<xml><ToUserName><![CDATA[gh_eac685a1ff5c]]></ToUserName>
<FromUserName><![CDATA[oJoCw505tKb-F1dQ2wXxxpTbOej4]]></FromUserName>
<CreateTime>1550715217</CreateTime>
<MsgType><![CDATA[voice]]></MsgType>
<MediaId><![CDATA[houjaMWg1HQxodnY7C8RgWqcSGkFPu9AudISikPqj1vFvrI4sU-7AmAi7aYkfbAn]]></MediaId>
<Format><![CDATA[amr]]></Format>
<MsgId>22200902562197900</MsgId>
<Recognition><![CDATA[]]></Recognition>
</xml>
<<<<<<<2019-02-21 10:14:27
<xml><ToUserName><![CDATA[gh_eac685a1ff5c]]></ToUserName>
<FromUserName><![CDATA[oJoCw505tKb-F1dQ2wXxxpTbOej4]]></FromUserName>
<CreateTime>1550715217</CreateTime>
<MsgType><![CDATA[voice]]></MsgType>
<MediaId><![CDATA[houjaMWg1HQxodnY7C8RgWqcSGkFPu9AudISikPqj1vFvrI4sU-7AmAi7aYkfbAn]]></MediaId>
<Format><![CDATA[amr]]></Format>
<MsgId>22200902562197900</MsgId>
<Recognition><![CDATA[]]></Recognition>
</xml>
<<<<<<<2019-02-21 10:14:39
<xml><ToUserName><![CDATA[gh_eac685a1ff5c]]></ToUserName>
<FromUserName><![CDATA[oJoCw505tKb-F1dQ2wXxxpTbOej4]]></FromUserName>
<CreateTime>1550715217</CreateTime>
<MsgType><![CDATA[voice]]></MsgType>
<MediaId><![CDATA[houjaMWg1HQxodnY7C8RgWqcSGkFPu9AudISikPqj1vFvrI4sU-7AmAi7aYkfbAn]]></MediaId>
<Format><![CDATA[amr]]></Format>
<MsgId>22200902562197900</MsgId>
<Recognition><![CDATA[]]></Recognition>
</xml>
<<<<<<<