2019-02-26 15:36:43

<<<<<<<2019-02-26 22:50:48

<<<<<<<2019-02-26 22:50:50

<<<<<<<2019-02-26 22:50:51

<<<<<<<2019-02-26 22:50:52

<<<<<<<2019-02-27 08:31:27

<<<<<<<2019-02-27 08:54:20

<<<<<<<2019-02-27 08:54:22

<<<<<<<2019-02-27 08:56:08

<<<<<<<2019-02-27 08:57:41

<<<<<<<2019-02-27 08:58:08

<<<<<<<2019-02-27 08:58:11

<<<<<<<2019-02-27 09:04:53

<<<<<<<2019-02-27 09:04:56

<<<<<<<2019-02-27 11:38:26
<xml><appid><![CDATA[wxd5af665b240b75d4]]></appid>
<bank_type><![CDATA[CFT]]></bank_type>
<cash_fee><![CDATA[1]]></cash_fee>
<fee_type><![CDATA[CNY]]></fee_type>
<is_subscribe><![CDATA[N]]></is_subscribe>
<mch_id><![CDATA[1500086022]]></mch_id>
<nonce_str><![CDATA[ojuZxe9jwu1yjQ8S]]></nonce_str>
<openid><![CDATA[osZaFw9NLbqqUb26gpTKDNmEDKnQ]]></openid>
<out_trade_no><![CDATA[1902270951212049016wei]]></out_trade_no>
<result_code><![CDATA[SUCCESS]]></result_code>
<return_code><![CDATA[SUCCESS]]></return_code>
<sign><![CDATA[CB9908E7F65EDABA0DE954E919A60712]]></sign>
<time_end><![CDATA[20190227095127]]></time_end>
<total_fee>1</total_fee>
<trade_type><![CDATA[NATIVE]]></trade_type>
<transaction_id><![CDATA[4200000257201902274752179660]]></transaction_id>
</xml>

<<<<<<<2019-02-27 11:39:07
<xml><appid><![CDATA[wxd5af665b240b75d4]]></appid>
<bank_type><![CDATA[CFT]]></bank_type>
<cash_fee><![CDATA[1]]></cash_fee>
<fee_type><![CDATA[CNY]]></fee_type>
<is_subscribe><![CDATA[N]]></is_subscribe>
<mch_id><![CDATA[1500086022]]></mch_id>
<nonce_str><![CDATA[ojuZxe9jwu1yjQ8S]]></nonce_str>
<openid><![CDATA[osZaFw9NLbqqUb26gpTKDNmEDKnQ]]></openid>
<out_trade_no><![CDATA[1902270951212049016wei]]></out_trade_no>
<result_code><![CDATA[SUCCESS]]></result_code>
<return_code><![CDATA[SUCCESS]]></return_code>
<sign><![CDATA[CB9908E7F65EDABA0DE954E919A60712]]></sign>
<time_end><![CDATA[20190227095127]]></time_end>
<total_fee>1</total_fee>
<trade_type><![CDATA[NATIVE]]></trade_type>
<transaction_id><![CDATA[4200000257201902274752179660]]></transaction_id>
</xml>

<<<<<<<2019-02-27 11:39:32
<xml><appid><![CDATA[wxd5af665b240b75d4]]></appid>
<bank_type><![CDATA[CFT]]></bank_type>
<cash_fee><![CDATA[1]]></cash_fee>
<fee_type><![CDATA[CNY]]></fee_type>
<is_subscribe><![CDATA[N]]></is_subscribe>
<mch_id><![CDATA[1500086022]]></mch_id>
<nonce_str><![CDATA[ojuZxe9jwu1yjQ8S]]></nonce_str>
<openid><![CDATA[osZaFw9NLbqqUb26gpTKDNmEDKnQ]]></openid>
<out_trade_no><![CDATA[1902270951212049016wei]]></out_trade_no>
<result_code><![CDATA[SUCCESS]]></result_code>
<return_code><![CDATA[SUCCESS]]></return_code>
<sign><![CDATA[CB9908E7F65EDABA0DE954E919A60712]]></sign>
<time_end><![CDATA[20190227095127]]></time_end>
<total_fee>1</total_fee>
<trade_type><![CDATA[NATIVE]]></trade_type>
<transaction_id><![CDATA[4200000257201902274752179660]]></transaction_id>
</xml>

<<<<<<<2019-02-27 11:40:15
<xml><appid><![CDATA[wxd5af665b240b75d4]]></appid>
<bank_type><![CDATA[CFT]]></bank_type>
<cash_fee><![CDATA[1]]></cash_fee>
<fee_type><![CDATA[CNY]]></fee_type>
<is_subscribe><![CDATA[N]]></is_subscribe>
<mch_id><![CDATA[1500086022]]></mch_id>
<nonce_str><![CDATA[ojuZxe9jwu1yjQ8S]]></nonce_str>
<openid><![CDATA[osZaFw9NLbqqUb26gpTKDNmEDKnQ]]></openid>
<out_trade_no><![CDATA[1902270951212049016wei]]></out_trade_no>
<result_code><![CDATA[SUCCESS]]></result_code>
<return_code><![CDATA[SUCCESS]]></return_code>
<sign><![CDATA[CB9908E7F65EDABA0DE954E919A60712]]></sign>
<time_end><![CDATA[20190227095127]]></time_end>
<total_fee>1</total_fee>
<trade_type><![CDATA[NATIVE]]></trade_type>
<transaction_id><![CDATA[4200000257201902274752179660]]></transaction_id>
</xml>

<<<<<<<2019-02-27 11:54:29
<xml><appid><![CDATA[wxd5af665b240b75d4]]></appid>
<bank_type><![CDATA[CFT]]></bank_type>
<cash_fee><![CDATA[1]]></cash_fee>
<fee_type><![CDATA[CNY]]></fee_type>
<is_subscribe><![CDATA[N]]></is_subscribe>
<mch_id><![CDATA[1500086022]]></mch_id>
<nonce_str><![CDATA[ojuZxe9jwu1yjQ8S]]></nonce_str>
<openid><![CDATA[osZaFw9NLbqqUb26gpTKDNmEDKnQ]]></openid>
<out_trade_no><![CDATA[1902270951212049016wei]]></out_trade_no>
<result_code><![CDATA[SUCCESS]]></result_code>
<return_code><![CDATA[SUCCESS]]></return_code>
<sign><![CDATA[CB9908E7F65EDABA0DE954E919A60712]]></sign>
<time_end><![CDATA[20190227095127]]></time_end>
<total_fee>1</total_fee>
<trade_type><![CDATA[NATIVE]]></trade_type>
<transaction_id><![CDATA[4200000257201902274752179660]]></transaction_id>
</xml>

<<<<<<<2019-02-27 11:57:28
<xml><appid><![CDATA[wxd5af665b240b75d4]]></appid>
<bank_type><![CDATA[CFT]]></bank_type>
<cash_fee><![CDATA[1]]></cash_fee>
<fee_type><![CDATA[CNY]]></fee_type>
<is_subscribe><![CDATA[N]]></is_subscribe>
<mch_id><![CDATA[1500086022]]></mch_id>
<nonce_str><![CDATA[ojuZxe9jwu1yjQ8S]]></nonce_str>
<openid><![CDATA[osZaFw9NLbqqUb26gpTKDNmEDKnQ]]></openid>
<out_trade_no><![CDATA[1902270951212049016wei]]></out_trade_no>
<result_code><![CDATA[SUCCESS]]></result_code>
<return_code><![CDATA[SUCCESS]]></return_code>
<sign><![CDATA[CB9908E7F65EDABA0DE954E919A60712]]></sign>
<time_end><![CDATA[20190227095127]]></time_end>
<total_fee>1</total_fee>
<trade_type><![CDATA[NATIVE]]></trade_type>
<transaction_id><![CDATA[4200000257201902274752179660]]></transaction_id>
</xml>

<<<<<<<2019-02-27 11:58:42
<xml><appid><![CDATA[wxd5af665b240b75d4]]></appid>
<bank_type><![CDATA[CFT]]></bank_type>
<cash_fee><![CDATA[1]]></cash_fee>
<fee_type><![CDATA[CNY]]></fee_type>
<is_subscribe><![CDATA[N]]></is_subscribe>
<mch_id><![CDATA[1500086022]]></mch_id>
<nonce_str><![CDATA[ojuZxe9jwu1yjQ8S]]></nonce_str>
<openid><![CDATA[osZaFw9NLbqqUb26gpTKDNmEDKnQ]]></openid>
<out_trade_no><![CDATA[1902270951212049016wei]]></out_trade_no>
<result_code><![CDATA[SUCCESS]]></result_code>
<return_code><![CDATA[SUCCESS]]></return_code>
<sign><![CDATA[CB9908E7F65EDABA0DE954E919A60712]]></sign>
<time_end><![CDATA[20190227095127]]></time_end>
<total_fee>1</total_fee>
<trade_type><![CDATA[NATIVE]]></trade_type>
<transaction_id><![CDATA[4200000257201902274752179660]]></transaction_id>
</xml>

<<<<<<<2019-02-27 11:59:29
<xml><appid><![CDATA[wxd5af665b240b75d4]]></appid>
<bank_type><![CDATA[CFT]]></bank_type>
<cash_fee><![CDATA[1]]></cash_fee>
<fee_type><![CDATA[CNY]]></fee_type>
<is_subscribe><![CDATA[N]]></is_subscribe>
<mch_id><![CDATA[1500086022]]></mch_id>
<nonce_str><![CDATA[ojuZxe9jwu1yjQ8S]]></nonce_str>
<openid><![CDATA[osZaFw9NLbqqUb26gpTKDNmEDKnQ]]></openid>
<out_trade_no><![CDATA[1902270951212049016wei]]></out_trade_no>
<result_code><![CDATA[SUCCESS]]></result_code>
<return_code><![CDATA[SUCCESS]]></return_code>
<sign><![CDATA[CB9908E7F65EDABA0DE954E919A60712]]></sign>
<time_end><![CDATA[20190227095127]]></time_end>
<total_fee>1</total_fee>
<trade_type><![CDATA[NATIVE]]></trade_type>
<transaction_id><![CDATA[4200000257201902274752179660]]></transaction_id>
</xml>

<<<<<<<2019-02-27 12:00:47
<xml><appid><![CDATA[wxd5af665b240b75d4]]></appid>
<bank_type><![CDATA[CFT]]></bank_type>
<cash_fee><![CDATA[1]]></cash_fee>
<fee_type><![CDATA[CNY]]></fee_type>
<is_subscribe><![CDATA[N]]></is_subscribe>
<mch_id><![CDATA[1500086022]]></mch_id>
<nonce_str><![CDATA[ojuZxe9jwu1yjQ8S]]></nonce_str>
<openid><![CDATA[osZaFw9NLbqqUb26gpTKDNmEDKnQ]]></openid>
<out_trade_no><![CDATA[1902270951212049016wei]]></out_trade_no>
<result_code><![CDATA[SUCCESS]]></result_code>
<return_code><![CDATA[SUCCESS]]></return_code>
<sign><![CDATA[CB9908E7F65EDABA0DE954E919A60712]]></sign>
<time_end><![CDATA[20190227095127]]></time_end>
<total_fee>1</total_fee>
<trade_type><![CDATA[NATIVE]]></trade_type>
<transaction_id><![CDATA[4200000257201902274752179660]]></transaction_id>
</xml>

<<<<<<<2019-02-27 12:00:47
<xml><appid><![CDATA[wxd5af665b240b75d4]]></appid>
<bank_type><![CDATA[CFT]]></bank_type>
<cash_fee><![CDATA[1]]></cash_fee>
<fee_type><![CDATA[CNY]]></fee_type>
<is_subscribe><![CDATA[N]]></is_subscribe>
<mch_id><![CDATA[1500086022]]></mch_id>
<nonce_str><![CDATA[ojuZxe9jwu1yjQ8S]]></nonce_str>
<openid><![CDATA[osZaFw9NLbqqUb26gpTKDNmEDKnQ]]></openid>
<out_trade_no><![CDATA[1902270951212049016wei]]></out_trade_no>
<result_code><![CDATA[SUCCESS]]></result_code>
<return_code><![CDATA[SUCCESS]]></return_code>
<sign><![CDATA[CB9908E7F65EDABA0DE954E919A60712]]></sign>
<time_end><![CDATA[20190227095127]]></time_end>
<total_fee>1</total_fee>
<trade_type><![CDATA[NATIVE]]></trade_type>
<transaction_id><![CDATA[4200000257201902274752179660]]></transaction_id>
</xml>
false
<<<<<<<2019-02-27 12:02:06
<xml><appid><![CDATA[wxd5af665b240b75d4]]></appid>
<bank_type><![CDATA[CFT]]></bank_type>
<cash_fee><![CDATA[1]]></cash_fee>
<fee_type><![CDATA[CNY]]></fee_type>
<is_subscribe><![CDATA[N]]></is_subscribe>
<mch_id><![CDATA[1500086022]]></mch_id>
<nonce_str><![CDATA[ojuZxe9jwu1yjQ8S]]></nonce_str>
<openid><![CDATA[osZaFw9NLbqqUb26gpTKDNmEDKnQ]]></openid>
<out_trade_no><![CDATA[1902262028593677524wei]]></out_trade_no>
<result_code><![CDATA[SUCCESS]]></result_code>
<return_code><![CDATA[SUCCESS]]></return_code>
<sign><![CDATA[CB9908E7F65EDABA0DE954E919A60712]]></sign>
<time_end><![CDATA[20190227095127]]></time_end>
<total_fee>1</total_fee>
<trade_type><![CDATA[NATIVE]]></trade_type>
<transaction_id><![CDATA[4200000257201902274752179660]]></transaction_id>
</xml>

<<<<<<<